[ 2015-08-20T18:02:59+08:00 ] ::1 /Impression/index.php
INFO: [ app_init ] --START--
INFO: Run Behavior\BuildLiteBehavior [ RunTime:0.000030s ]
INFO: [ app_init ] --END-- [ RunTime:0.000357s ]
INFO: [ app_begin ] --START--
INFO: Run Behavior\ReadHtmlCacheBehavior [ RunTime:0.003580s ]
INFO: [ app_begin ] --END-- [ RunTime:0.003658s ]
INFO: [ view_parse ] --START--
INFO: [ template_filter ] --START--
INFO: Run Behavior\ContentReplaceBehavior [ RunTime:0.000057s ]
INFO: [ template_filter ] --END-- [ RunTime:0.000177s ]
INFO: Run Behavior\ParseTemplateBehavior [ RunTime:0.015339s ]
INFO: [ view_parse ] --END-- [ RunTime:0.015502s ]
INFO: [ view_filter ] --START--
INFO: Run Behavior\WriteHtmlCacheBehavior [ RunTime:0.000228s ]
INFO: [ view_filter ] --END-- [ RunTime:0.000300s ]
INFO: [ app_end ] --START--
INFO: Run Behavior\ShowPageTraceBehavior [ RunTime:0.000727s ]
INFO: [ app_end ] --END-- [ RunTime:0.000805s ]

[ 2015-08-20T18:04:38+08:00 ] ::1 /Impression/index.php
INFO: [ app_init ] --START--
INFO: Run Behavior\BuildLiteBehavior [ RunTime:0.000083s ]
INFO: [ app_init ] --END-- [ RunTime:0.000621s ]
INFO: [ app_begin ] --START--
INFO: Run Behavior\ReadHtmlCacheBehavior [ RunTime:0.001086s ]
INFO: [ app_begin ] --END-- [ RunTime:0.001198s ]
INFO: [ view_parse ] --START--
INFO: Run Behavior\ParseTemplateBehavior [ RunTime:0.000227s ]
INFO: [ view_parse ] --END-- [ RunTime:0.000303s ]
INFO: [ view_filter ] --START--
INFO: Run Behavior\WriteHtmlCacheBehavior [ RunTime:0.000183s ]
INFO: [ view_filter ] --END-- [ RunTime:0.000244s ]
INFO: [ app_end ] --START--
INFO: Run Behavior\ShowPageTraceBehavior [ RunTime:0.000627s ]
INFO: [ app_end ] --END-- [ RunTime:0.000681s ]

[ 2015-08-20T18:08:32+08:00 ] ::1 /Impression/index.php
INFO: [ app_init ] --START--
INFO: Run Behavior\BuildLiteBehavior [ RunTime:0.000095s ]
INFO: [ app_init ] --END-- [ RunTime:0.000862s ]
ERR: SQLSTATE[23000]: Integrity constraint violation: 1048 Column 'openid' cannot be null

[ 2015-08-20T18:09:25+08:00 ] ::1 /Impression/index.php
INFO: [ app_init ] --START--
INFO: Run Behavior\BuildLiteBehavior [ RunTime:0.000011s ]
INFO: [ app_init ] --END-- [ RunTime:0.000294s ]

[ 2015-08-20T18:10:01+08:00 ] ::1 /Impression/index.php
INFO: [ app_init ] --START--
INFO: Run Behavior\BuildLiteBehavior [ RunTime:0.000011s ]
INFO: [ app_init ] --END-- [ RunTime:0.000280s ]

[ 2015-08-20T18:10:08+08:00 ] ::1 /Impression/index.php
INFO: [ app_init ] --START--
INFO: Run Behavior\BuildLiteBehavior [ RunTime:0.000012s ]
INFO: [ app_init ] --END-- [ RunTime:0.000304s ]

[ 2015-08-20T18:10:28+08:00 ] ::1 /Impression/index.php
INFO: [ app_init ] --START--
INFO: Run Behavior\BuildLiteBehavior [ RunTime:0.000017s ]
INFO: [ app_init ] --END-- [ RunTime:0.000388s ]

[ 2015-08-20T18:10:42+08:00 ] ::1 /Impression/index.php
INFO: [ app_init ] --START--
INFO: Run Behavior\BuildLiteBehavior [ RunTime:0.000020s ]
INFO: [ app_init ] --END-- [ RunTime:0.000321s ]

[ 2015-08-20T19:37:40+08:00 ] ::1 /Impression/index.php
INFO: [ app_init ] --START--
INFO: Run Behavior\BuildLiteBehavior [ RunTime:0.000053s ]
INFO: [ app_init ] --END-- [ RunTime:0.003638s ]

[ 2015-08-20T19:49:14+08:00 ] ::1 /Impression/index.php
INFO: [ app_init ] --START--
INFO: Run Behavior\BuildLiteBehavior [ RunTime:0.000022s ]
INFO: [ app_init ] --END-- [ RunTime:0.003749s ]

[ 2015-08-20T19:49:56+08:00 ] ::1 /Impression/index.php
INFO: [ app_init ] --START--
INFO: Run Behavior\BuildLiteBehavior [ RunTime:0.000014s ]
INFO: [ app_init ] --END-- [ RunTime:0.000383s ]

[ 2015-08-20T19:49:59+08:00 ] ::1 /Impression/index.php
INFO: [ app_init ] --START--
INFO: Run Behavior\BuildLiteBehavior [ RunTime:0.000015s ]
INFO: [ app_init ] --END-- [ RunTime:0.000295s ]

[ 2015-08-20T19:56:08+08:00 ] ::1 /Impression/index.php
INFO: [ app_init ] --START--
INFO: Run Behavior\BuildLiteBehavior [ RunTime:0.000018s ]
INFO: [ app_init ] --END-- [ RunTime:0.003771s ]

[ 2015-08-20T19:57:31+08:00 ] ::1 /Impression/index.php
INFO: [ app_init ] --START--
INFO: Run Behavior\BuildLiteBehavior [ RunTime:0.000010s ]
INFO: [ app_init ] --END-- [ RunTime:0.000220s ]

[ 2015-08-20T20:00:05+08:00 ] ::1 /Impression/index.php
INFO: [ app_init ] --START--
INFO: Run Behavior\BuildLiteBehavior [ RunTime:0.000021s ]
INFO: [ app_init ] --END-- [ RunTime:0.003593s ]

[ 2015-08-20T20:01:12+08:00 ] ::1 /Impression/index.php
INFO: [ app_init ] --START--
INFO: Run Behavior\BuildLiteBehavior [ RunTime:0.000011s ]
INFO: [ app_init ] --END-- [ RunTime:0.000272s ]

[ 2015-08-20T20:01:48+08:00 ] ::1 /Impression/index.php
INFO: [ app_init ] --START--
INFO: Run Behavior\BuildLiteBehavior [ RunTime:0.000019s ]
INFO: [ app_init ] --END-- [ RunTime:0.000502s ]

[ 2015-08-20T20:02:56+08:00 ] ::1 /Impression/index.php
INFO: [ app_init ] --START--
INFO: Run Behavior\BuildLiteBehavior [ RunTime:0.000016s ]
INFO: [ app_init ] --END-- [ RunTime:0.000371s ]

[ 2015-08-20T20:03:19+08:00 ] ::1 /Impression/index.php
INFO: [ app_init ] --START--
INFO: Run Behavior\BuildLiteBehavior [ RunTime:0.000010s ]
INFO: [ app_init ] --END-- [ RunTime:0.000253s ]

[ 2015-08-20T20:06:27+08:00 ] ::1 /Impression/index.php
INFO: [ app_init ] --START--
INFO: Run Behavior\BuildLiteBehavior [ RunTime:0.000022s ]
INFO: [ app_init ] --END-- [ RunTime:0.001567s ]

[ 2015-08-20T20:07:03+08:00 ] ::1 /Impression/index.php
INFO: [ app_init ] --START--
INFO: Run Behavior\BuildLiteBehavior [ RunTime:0.000018s ]
INFO: [ app_init ] --END-- [ RunTime:0.000400s ]

[ 2015-08-20T20:07:04+08:00 ] ::1 /Impression/index.php
INFO: [ app_init ] --START--
INFO: Run Behavior\BuildLiteBehavior [ RunTime:0.000030s ]
INFO: [ app_init ] --END-- [ RunTime:0.000432s ]

[ 2015-08-20T20:07:19+08:00 ] ::1 /Impression/index.php
INFO: [ app_init ] --START--
INFO: Run Behavior\BuildLiteBehavior [ RunTime:0.000014s ]
INFO: [ app_init ] --END-- [ RunTime:0.000246s ]

[ 2015-08-20T20:08:45+08:00 ] ::1 /Impression/index.php
INFO: [ app_init ] --START--
INFO: Run Behavior\BuildLiteBehavior [ RunTime:0.000010s ]
INFO: [ app_init ] --END-- [ RunTime:0.000192s ]

[ 2015-08-20T20:08:54+08:00 ] ::1 /Impression/index.php
INFO: [ app_init ] --START--
INFO: Run Behavior\BuildLiteBehavior [ RunTime:0.000011s ]
INFO: [ app_init ] --END-- [ RunTime:0.000234s ]

[ 2015-08-20T20:09:54+08:00 ] ::1 /Impression/index.php
INFO: [ app_init ] --START--
INFO: Run Behavior\BuildLiteBehavior [ RunTime:0.000010s ]
INFO: [ app_init ] --END-- [ RunTime:0.000253s ]

[ 2015-08-20T20:10:45+08:00 ] ::1 /Impression/index.php
INFO: [ app_init ] --START--
INFO: Run Behavior\BuildLiteBehavior [ RunTime:0.000009s ]
INFO: [ app_init ] --END-- [ RunTime:0.000204s ]

[ 2015-08-20T20:11:05+08:00 ] ::1 /Impression/index.php
INFO: [ app_init ] --START--
INFO: Run Behavior\BuildLiteBehavior [ RunTime:0.000016s ]
INFO: [ app_init ] --END-- [ RunTime:0.000427s ]

[ 2015-08-20T20:11:32+08:00 ] ::1 /Impression/index.php
INFO: [ app_init ] --START--
INFO: Run Behavior\BuildLiteBehavior [ RunTime:0.000011s ]
INFO: [ app_init ] --END-- [ RunTime:0.000230s ]

[ 2015-08-20T20:11:39+08:00 ] ::1 /Impression/index.php
INFO: [ app_init ] --START--
INFO: Run Behavior\BuildLiteBehavior [ RunTime:0.000009s ]
INFO: [ app_init ] --END-- [ RunTime:0.000195s ]

[ 2015-08-20T20:12:39+08:00 ] ::1 /Impression/index.php
INFO: [ app_init ] --START--
INFO: Run Behavior\BuildLiteBehavior [ RunTime:0.000008s ]
INFO: [ app_init ] --END-- [ RunTime:0.000190s ]

[ 2015-08-20T20:13:26+08:00 ] ::1 /Impression/index.php
INFO: [ app_init ] --START--
INFO: Run Behavior\BuildLiteBehavior [ RunTime:0.000009s ]
INFO: [ app_init ] --END-- [ RunTime:0.000190s ]

[ 2015-08-20T20:15:42+08:00 ] ::1 /Impression/index.php
INFO: [ app_init ] --START--
INFO: Run Behavior\BuildLiteBehavior [ RunTime:0.000012s ]
INFO: [ app_init ] --END-- [ RunTime:0.000242s ]

[ 2015-08-20T20:15:51+08:00 ] ::1 /Impression/
INFO: [ app_init ] --START--
INFO: Run Behavior\BuildLiteBehavior [ RunTime:0.000014s ]
INFO: [ app_init ] --END-- [ RunTime:0.000291s ]

[ 2015-08-20T20:16:06+08:00 ] ::1 /Impression/
INFO: [ app_init ] --START--
INFO: Run Behavior\BuildLiteBehavior [ RunTime:0.000011s ]
INFO: [ app_init ] --END-- [ RunTime:0.000286s ]

[ 2015-08-20T20:17:45+08:00 ] ::1 /Impression/
INFO: [ app_init ] --START--
INFO: Run Behavior\BuildLiteBehavior [ RunTime:0.000012s ]
INFO: [ app_init ] --END-- [ RunTime:0.000261s ]

[ 2015-08-20T20:18:10+08:00 ] ::1 /Impression/
INFO: [ app_init ] --START--
INFO: Run Behavior\BuildLiteBehavior [ RunTime:0.000015s ]
INFO: [ app_init ] --END-- [ RunTime:0.000231s ]

[ 2015-08-20T20:18:26+08:00 ] ::1 /Impression/
INFO: [ app_init ] --START--
INFO: Run Behavior\BuildLiteBehavior [ RunTime:0.000016s ]
INFO: [ app_init ] --END-- [ RunTime:0.000382s ]

[ 2015-08-20T20:19:22+08:00 ] ::1 /Impression/
INFO: [ app_init ] --START--
INFO: Run Behavior\BuildLiteBehavior [ RunTime:0.000020s ]
INFO: [ app_init ] --END-- [ RunTime:0.000447s ]

[ 2015-08-20T20:19:59+08:00 ] ::1 /Impression/
INFO: [ app_init ] --START--
INFO: Run Behavior\BuildLiteBehavior [ RunTime:0.000011s ]
INFO: [ app_init ] --END-- [ RunTime:0.000234s ]

[ 2015-08-20T20:20:37+08:00 ] ::1 /Impression/
INFO: [ app_init ] --START--
INFO: Run Behavior\BuildLiteBehavior [ RunTime:0.000008s ]
INFO: [ app_init ] --END-- [ RunTime:0.000195s ]

[ 2015-08-20T20:20:41+08:00 ] ::1 /Impression/index.php
INFO: [ app_init ] --START--
INFO: Run Behavior\BuildLiteBehavior [ RunTime:0.000018s ]
INFO: [ app_init ] --END-- [ RunTime:0.000453s ]

[ 2015-08-20T20:20:45+08:00 ] ::1 /Impression/index.php/home
INFO: [ app_init ] --START--
INFO: Run Behavior\BuildLiteBehavior [ RunTime:0.000025s ]
INFO: [ app_init ] --END-- [ RunTime:0.000416s ]

[ 2015-08-20T20:20:49+08:00 ] ::1 /Impression/index.php/home/index
INFO: [ app_init ] --START--
INFO: Run Behavior\BuildLiteBehavior [ RunTime:0.000009s ]
INFO: [ app_init ] --END-- [ RunTime:0.000272s ]

[ 2015-08-20T20:20:54+08:00 ] ::1 /Impression/index.php/home/index/index
INFO: [ app_init ] --START--
INFO: Run Behavior\BuildLiteBehavior [ RunTime:0.000011s ]
INFO: [ app_init ] --END-- [ RunTime:0.000257s ]

[ 2015-08-20T20:21:04+08:00 ] ::1 /Impression/index.php/home/index/viewImpression
INFO: [ app_init ] --START--
INFO: Run Behavior\BuildLiteBehavior [ RunTime:0.000012s ]
INFO: [ app_init ] --END-- [ RunTime:0.000511s ]

[ 2015-08-20T20:21:21+08:00 ] ::1 /Impression/index.php/home/index/viewImpression
INFO: [ app_init ] --START--
INFO: Run Behavior\BuildLiteBehavior [ RunTime:0.000015s ]
INFO: [ app_init ] --END-- [ RunTime:0.000331s ]

[ 2015-08-20T20:21:21+08:00 ] ::1 /Impression/index.php/home/index/dist/assets/css/main.css
INFO: [ app_init ] --START--
INFO: Run Behavior\BuildLiteBehavior [ RunTime:0.000020s ]
INFO: [ app_init ] --END-- [ RunTime:0.000451s ]
ERR: 非法操作:dist

[ 2015-08-20T20:21:44+08:00 ] ::1 /Impression/index.php/home/index/viewImpression
INFO: [ app_init ] --START--
INFO: Run Behavior\BuildLiteBehavior [ RunTime:0.000010s ]
INFO: [ app_init ] --END-- [ RunTime:0.000214s ]

[ 2015-08-20T20:22:06+08:00 ] ::1 /Impression/index.php/home/index/viewImpression
INFO: [ app_init ] --START--
INFO: Run Behavior\BuildLiteBehavior [ RunTime:0.000009s ]
INFO: [ app_init ] --END-- [ RunTime:0.000190s ]

[ 2015-08-20T20:22:11+08:00 ] ::1 /Impression/index.php/home/index/viewImpression
INFO: [ app_init ] --START--
INFO: Run Behavior\BuildLiteBehavior [ RunTime:0.000010s ]
INFO: [ app_init ] --END-- [ RunTime:0.000214s ]

[ 2015-08-20T20:22:34+08:00 ] ::1 /Impression/index.php/home/index/viewImpression
INFO: [ app_init ] --START--
INFO: Run Behavior\BuildLiteBehavior [ RunTime:0.000010s ]
INFO: [ app_init ] --END-- [ RunTime:0.000206s ]

[ 2015-08-20T20:23:40+08:00 ] ::1 /Impression/index.php/home/index/edtiSignature
INFO: [ app_init ] --START--
INFO: Run Behavior\BuildLiteBehavior [ RunTime:0.000012s ]
INFO: [ app_init ] --END-- [ RunTime:0.000266s ]

[ 2015-08-20T20:23:46+08:00 ] ::1 /Impression/index.php/home/index/edtiSignature
INFO: [ app_init ] --START--
INFO: Run Behavior\BuildLiteBehavior [ RunTime:0.000019s ]
INFO: [ app_init ] --END-- [ RunTime:0.000377s ]

[ 2015-08-20T20:24:32+08:00 ] ::1 /Impression/index.php/home/index/edtiSignaturePage
INFO: [ app_init ] --START--
INFO: Run Behavior\BuildLiteBehavior [ RunTime:0.000010s ]
INFO: [ app_init ] --END-- [ RunTime:0.000227s ]

[ 2015-08-20T20:25:28+08:00 ] ::1 /Impression/index.php/home/index/edtiSignaturePage
INFO: [ app_init ] --START--
INFO: Run Behavior\BuildLiteBehavior [ RunTime:0.000009s ]
INFO: [ app_init ] --END-- [ RunTime:0.000197s ]

[ 2015-08-20T20:27:30+08:00 ] ::1 /Impression/index.php/home/index/createImpressionPage
INFO: [ app_init ] --START--
INFO: Run Behavior\BuildLiteBehavior [ RunTime:0.000016s ]
INFO: [ app_init ] --END-- [ RunTime:0.000355s ]

[ 2015-08-20T20:27:30+08:00 ] ::1 /Impression/index.php/home/index/dist/assets/css/main.css
INFO: [ app_init ] --START--
INFO: Run Behavior\BuildLiteBehavior [ RunTime:0.000025s ]
INFO: [ app_init ] --END-- [ RunTime:0.000382s ]
ERR: 非法操作:dist

[ 2015-08-20T20:27:48+08:00 ] ::1 /Impression/index.php/home/index/createImpressionPage
INFO: [ app_init ] --START--
INFO: Run Behavior\BuildLiteBehavior [ RunTime:0.000011s ]
INFO: [ app_init ] --END-- [ RunTime:0.000241s ]

[ 2015-08-20T20:27:58+08:00 ] ::1 /Impression/index.php/home/index/createImpressionPage
INFO: [ app_init ] --START--
INFO: Run Behavior\BuildLiteBehavior [ RunTime:0.000014s ]
INFO: [ app_init ] --END-- [ RunTime:0.000434s ]

[ 2015-08-20T20:28:03+08:00 ] ::1 /Impression/index.php/home/index/createImpressionPage
INFO: [ app_init ] --START--
INFO: Run Behavior\BuildLiteBehavior [ RunTime:0.000019s ]
INFO: [ app_init ] --END-- [ RunTime:0.000412s ]

[ 2015-08-20T20:28:45+08:00 ] ::1 /Impression/index.php/home/index/createImpressionPage
INFO: [ app_init ] --START--
INFO: Run Behavior\BuildLiteBehavior [ RunTime:0.000015s ]
INFO: [ app_init ] --END-- [ RunTime:0.000378s ]

[ 2015-08-20T20:29:06+08:00 ] ::1 /Impression/index.php/home/index/createImpressionPage
INFO: [ app_init ] --START--
INFO: Run Behavior\BuildLiteBehavior [ RunTime:0.000009s ]
INFO: [ app_init ] --END-- [ RunTime:0.000190s ]

[ 2015-08-20T20:29:27+08:00 ] ::1 /Impression/index.php/home/index/createImpressionPage
INFO: [ app_init ] --START--
INFO: Run Behavior\BuildLiteBehavior [ RunTime:0.000018s ]
INFO: [ app_init ] --END-- [ RunTime:0.000482s ]

[ 2015-08-20T20:31:25+08:00 ] ::1 /Impression/index.php/home/index/createImpressionPage
INFO: [ app_init ] --START--
INFO: Run Behavior\BuildLiteBehavior [ RunTime:0.000029s ]
INFO: [ app_init ] --END-- [ RunTime:0.000399s ]

[ 2015-08-20T20:31:57+08:00 ] ::1 /impression/index.php/home/index/createimpression
INFO: [ app_init ] --START--
INFO: Run Behavior\BuildLiteBehavior [ RunTime:0.000012s ]
INFO: [ app_init ] --END-- [ RunTime:0.000390s ]

[ 2015-08-20T20:35:48+08:00 ] ::1 /impression/home/index/createimpression.html
INFO: [ app_init ] --START--
INFO: Run Behavior\BuildLiteBehavior [ RunTime:0.000008s ]
INFO: [ app_init ] --END-- [ RunTime:0.000195s ]

[ 2015-08-20T20:39:15+08:00 ] ::1 /Impression/home/index/createImpressionPage
INFO: [ app_init ] --START--
INFO: Run Behavior\BuildLiteBehavior [ RunTime:0.000015s ]
INFO: [ app_init ] --END-- [ RunTime:0.003791s ]

[ 2015-08-20T20:39:18+08:00 ] ::1 /Impression/home/index/viewImpression
INFO: [ app_init ] --START--
INFO: Run Behavior\BuildLiteBehavior [ RunTime:0.000013s ]
INFO: [ app_init ] --END-- [ RunTime:0.000314s ]

[ 2015-08-20T20:39:18+08:00 ] ::1 /Impression/home/index/dist/assets/js/zepto.min.js
INFO: [ app_init ] --START--
INFO: Run Behavior\BuildLiteBehavior [ RunTime:0.000011s ]
INFO: [ app_init ] --END-- [ RunTime:0.000287s ]
ERR: 非法操作:dist

[ 2015-08-20T20:39:18+08:00 ] ::1 /Impression/home/index/dist/assets/css/main.css
INFO: [ app_init ] --START--
INFO: Run Behavior\BuildLiteBehavior [ RunTime:0.000018s ]
INFO: [ app_init ] --END-- [ RunTime:0.000426s ]
ERR: 非法操作:dist

[ 2015-08-20T20:39:18+08:00 ] ::1 /Impression/home/index/dist/assets/images/logo.png
INFO: [ app_init ] --START--
INFO: Run Behavior\BuildLiteBehavior [ RunTime:0.000015s ]
INFO: [ app_init ] --END-- [ RunTime:0.000362s ]

[ 2015-08-20T20:39:36+08:00 ] ::1 /Impression/home/index/viewImpression
INFO: [ app_init ] --START--
INFO: Run Behavior\BuildLiteBehavior [ RunTime:0.000010s ]
INFO: [ app_init ] --END-- [ RunTime:0.000211s ]

[ 2015-08-20T20:41:57+08:00 ] ::1 /Impression/home/index/viewImpression
INFO: [ app_init ] --START--
INFO: Run Behavior\BuildLiteBehavior [ RunTime:0.000011s ]
INFO: [ app_init ] --END-- [ RunTime:0.000249s ]

[ 2015-08-20T20:42:10+08:00 ] ::1 /Impression/home/index/viewImpression
INFO: [ app_init ] --START--
INFO: Run Behavior\BuildLiteBehavior [ RunTime:0.000016s ]
INFO: [ app_init ] --END-- [ RunTime:0.000429s ]

[ 2015-08-20T20:42:12+08:00 ] ::1 /impression/home/index/delimpression.html
INFO: [ app_init ] --START--
INFO: Run Behavior\BuildLiteBehavior [ RunTime:0.000018s ]
INFO: [ app_init ] --END-- [ RunTime:0.000529s ]
INFO: [ app_begin ] --START--
INFO: Run Behavior\ReadHtmlCacheBehavior [ RunTime:0.000486s ]
INFO: [ app_begin ] --END-- [ RunTime:0.000553s ]
SQL: SHOW COLUMNS FROM `impression_user` [ RunTime:0.0070s ]
SQL: UPDATE `impression_user` SET `status`='0' WHERE `to_openid` = null AND `id` = 0 [ RunTime:0.0040s ]

[ 2015-08-20T20:42:13+08:00 ] ::1 /impression/home/index/delimpression.html
INFO: [ app_init ] --START--
INFO: Run Behavior\BuildLiteBehavior [ RunTime:0.000067s ]
INFO: [ app_init ] --END-- [ RunTime:0.001026s ]
INFO: [ app_begin ] --START--
INFO: Run Behavior\ReadHtmlCacheBehavior [ RunTime:0.000337s ]
INFO: [ app_begin ] --END-- [ RunTime:0.000380s ]
SQL: SHOW COLUMNS FROM `impression_user` [ RunTime:0.0067s ]
SQL: UPDATE `impression_user` SET `status`='0' WHERE `to_openid` = null AND `id` = 0 [ RunTime:0.0004s ]

[ 2015-08-20T20:42:14+08:00 ] ::1 /impression/home/index/delimpression.html
INFO: [ app_init ] --START--
INFO: Run Behavior\BuildLiteBehavior [ RunTime:0.000015s ]
INFO: [ app_init ] --END-- [ RunTime:0.000433s ]
INFO: [ app_begin ] --START--
INFO: Run Behavior\ReadHtmlCacheBehavior [ RunTime:0.000379s ]
INFO: [ app_begin ] --END-- [ RunTime:0.000497s ]
SQL: SHOW COLUMNS FROM `impression_user` [ RunTime:0.0067s ]
SQL: UPDATE `impression_user` SET `status`='0' WHERE `to_openid` = null AND `id` = 0 [ RunTime:0.0004s ]

[ 2015-08-20T20:42:14+08:00 ] ::1 /impression/home/index/delimpression.html
INFO: [ app_init ] --START--
INFO: Run Behavior\BuildLiteBehavior [ RunTime:0.000016s ]
INFO: [ app_init ] --END-- [ RunTime:0.000277s ]
INFO: [ app_begin ] --START--
INFO: Run Behavior\ReadHtmlCacheBehavior [ RunTime:0.000633s ]
INFO: [ app_begin ] --END-- [ RunTime:0.000781s ]
SQL: SHOW COLUMNS FROM `impression_user` [ RunTime:0.0034s ]
SQL: UPDATE `impression_user` SET `status`='0' WHERE `to_openid` = null AND `id` = 0 [ RunTime:0.0002s ]

[ 2015-08-20T20:42:14+08:00 ] ::1 /impression/home/index/delimpression.html
INFO: [ app_init ] --START--
INFO: Run Behavior\BuildLiteBehavior [ RunTime:0.000017s ]
INFO: [ app_init ] --END-- [ RunTime:0.000484s ]
INFO: [ app_begin ] --START--
INFO: Run Behavior\ReadHtmlCacheBehavior [ RunTime:0.000571s ]
INFO: [ app_begin ] --END-- [ RunTime:0.000655s ]
SQL: SHOW COLUMNS FROM `impression_user` [ RunTime:0.0071s ]
SQL: UPDATE `impression_user` SET `status`='0' WHERE `to_openid` = null AND `id` = 0 [ RunTime:0.0003s ]

[ 2015-08-20T20:42:14+08:00 ] ::1 /impression/home/index/delimpression.html
INFO: [ app_init ] --START--
INFO: Run Behavior\BuildLiteBehavior [ RunTime:0.000017s ]
INFO: [ app_init ] --END-- [ RunTime:0.000369s ]
INFO: [ app_begin ] --START--
INFO: Run Behavior\ReadHtmlCacheBehavior [ RunTime:0.000543s ]
INFO: [ app_begin ] --END-- [ RunTime:0.000593s ]
SQL: SHOW COLUMNS FROM `impression_user` [ RunTime:0.0072s ]
SQL: UPDATE `impression_user` SET `status`='0' WHERE `to_openid` = null AND `id` = 0 [ RunTime:0.0003s ]

[ 2015-08-20T20:42:14+08:00 ] ::1 /impression/home/index/delimpression.html
INFO: [ app_init ] --START--
INFO: Run Behavior\BuildLiteBehavior [ RunTime:0.000041s ]
INFO: [ app_init ] --END-- [ RunTime:0.000597s ]
INFO: [ app_begin ] --START--
INFO: Run Behavior\ReadHtmlCacheBehavior [ RunTime:0.000448s ]
INFO: [ app_begin ] --END-- [ RunTime:0.000501s ]
SQL: SHOW COLUMNS FROM `impression_user` [ RunTime:0.0040s ]
SQL: UPDATE `impression_user` SET `status`='0' WHERE `to_openid` = null AND `id` = 0 [ RunTime:0.0002s ]

[ 2015-08-20T20:42:15+08:00 ] ::1 /impression/home/index/delimpression.html
INFO: [ app_init ] --START--
INFO: Run Behavior\BuildLiteBehavior [ RunTime:0.000010s ]
INFO: [ app_init ] --END-- [ RunTime:0.000233s ]
INFO: [ app_begin ] --START--
INFO: Run Behavior\ReadHtmlCacheBehavior [ RunTime:0.000336s ]
INFO: [ app_begin ] --END-- [ RunTime:0.000385s ]
SQL: SHOW COLUMNS FROM `impression_user` [ RunTime:0.0072s ]
SQL: UPDATE `impression_user` SET `status`='0' WHERE `to_openid` = null AND `id` = 0 [ RunTime:0.0004s ]

[ 2015-08-20T20:49:43+08:00 ] ::1 /Impression/home/index/viewImpression
INFO: [ app_init ] --START--
INFO: Run Behavior\BuildLiteBehavior [ RunTime:0.000022s ]
INFO: [ app_init ] --END-- [ RunTime:0.003789s ]

[ 2015-08-20T20:49:44+08:00 ] ::1 /Impression/home/index/viewImpression
INFO: [ app_init ] --START--
INFO: Run Behavior\BuildLiteBehavior [ RunTime:0.000009s ]
INFO: [ app_init ] --END-- [ RunTime:0.000191s ]

[ 2015-08-20T20:50:04+08:00 ] ::1 /Impression/home/index/viewImpression
INFO: [ app_init ] --START--
INFO: Run Behavior\BuildLiteBehavior [ RunTime:0.000009s ]
INFO: [ app_init ] --END-- [ RunTime:0.000198s ]

[ 2015-08-20T20:50:42+08:00 ] ::1 /Impression/home/index/viewImpression
INFO: [ app_init ] --START--
INFO: Run Behavior\BuildLiteBehavior [ RunTime:0.000009s ]
INFO: [ app_init ] --END-- [ RunTime:0.000210s ]

[ 2015-08-20T20:54:17+08:00 ] ::1 /Impression/home/index/viewImpression
INFO: [ app_init ] --START--
INFO: Run Behavior\BuildLiteBehavior [ RunTime:0.000023s ]
INFO: [ app_init ] --END-- [ RunTime:0.003961s ]

[ 2015-08-20T20:57:48+08:00 ] ::1 /Impression/home/index/viewImpression
INFO: [ app_init ] --START--
INFO: Run Behavior\BuildLiteBehavior [ RunTime:0.000018s ]
INFO: [ app_init ] --END-- [ RunTime:0.000720s ]

[ 2015-08-20T20:58:11+08:00 ] ::1 /Impression/home/index/viewImpression
INFO: [ app_init ] --START--
INFO: Run Behavior\BuildLiteBehavior [ RunTime:0.000010s ]
INFO: [ app_init ] --END-- [ RunTime:0.000215s ]

[ 2015-08-20T21:05:32+08:00 ] ::1 /Impression/home/index/viewImpression
INFO: [ app_init ] --START--
INFO: Run Behavior\BuildLiteBehavior [ RunTime:0.000022s ]
INFO: [ app_init ] --END-- [ RunTime:0.003908s ]

[ 2015-08-20T21:06:22+08:00 ] ::1 /Impression/home/index/
INFO: [ app_init ] --START--
INFO: Run Behavior\BuildLiteBehavior [ RunTime:0.000020s ]
INFO: [ app_init ] --END-- [ RunTime:0.003829s ]

[ 2015-08-20T21:06:47+08:00 ] ::1 /Impression/home/index/
INFO: [ app_init ] --START--
INFO: Run Behavior\BuildLiteBehavior [ RunTime:0.000015s ]
INFO: [ app_init ] --END-- [ RunTime:0.000365s ]

[ 2015-08-20T21:06:53+08:00 ] ::1 /Impression/home/index/index
INFO: [ app_init ] --START--
INFO: Run Behavior\BuildLiteBehavior [ RunTime:0.000008s ]
INFO: [ app_init ] --END-- [ RunTime:0.000209s ]

[ 2015-08-20T21:07:20+08:00 ] ::1 /Impression/home/index/index?openid=ouRCyjhdsj8RQofIOPHc7nX9hA98
INFO: [ app_init ] --START--
INFO: Run Behavior\BuildLiteBehavior [ RunTime:0.000010s ]
INFO: [ app_init ] --END-- [ RunTime:0.000239s ]

[ 2015-08-20T21:08:42+08:00 ] ::1 /Impression/home/index/index?openid=ouRCyjhdsj8RQofIOPHc7nX9hA98
INFO: [ app_init ] --START--
INFO: Run Behavior\BuildLiteBehavior [ RunTime:0.000010s ]
INFO: [ app_init ] --END-- [ RunTime:0.000214s ]

[ 2015-08-20T21:08:55+08:00 ] ::1 /Impression/home/index/index?openid=ouRCyjhdsj8RQofIOPHc7nX9hA98
INFO: [ app_init ] --START--
INFO: Run Behavior\BuildLiteBehavior [ RunTime:0.000009s ]
INFO: [ app_init ] --END-- [ RunTime:0.000213s ]

[ 2015-08-20T21:10:48+08:00 ] ::1 /Impression/home/index/index?openid=ouRCyjhdsj8RQofIOPHc7nX9hA98
INFO: [ app_init ] --START--
INFO: Run Behavior\BuildLiteBehavior [ RunTime:0.000009s ]
INFO: [ app_init ] --END-- [ RunTime:0.000201s ]

[ 2015-08-20T21:11:12+08:00 ] ::1 /Impression/home/index/index?openid=ouRCyjhdsj8RQofIOPHc7nX9hA98
INFO: [ app_init ] --START--
INFO: Run Behavior\BuildLiteBehavior [ RunTime:0.000008s ]
INFO: [ app_init ] --END-- [ RunTime:0.000190s ]

[ 2015-08-20T21:11:38+08:00 ] ::1 /Impression/home/index/index?openid=ouRCyjhdsj8RQofIOPHc7nX9hA98
INFO: [ app_init ] --START--
INFO: Run Behavior\BuildLiteBehavior [ RunTime:0.000015s ]
INFO: [ app_init ] --END-- [ RunTime:0.000378s ]

[ 2015-08-20T21:11:48+08:00 ] ::1 /Impression/home/index/index?openid=ouRCyjhdsj8RQofIOPHc7nX9hA98
INFO: [ app_init ] --START--
INFO: Run Behavior\BuildLiteBehavior [ RunTime:0.000009s ]
INFO: [ app_init ] --END-- [ RunTime:0.000200s ]

[ 2015-08-20T21:13:07+08:00 ] ::1 /Impression/home/index/index?openid=ouRCyjhdsj8RQofIOPHc7nX9hA98
INFO: [ app_init ] --START--
INFO: Run Behavior\BuildLiteBehavior [ RunTime:0.000014s ]
INFO: [ app_init ] --END-- [ RunTime:0.000327s ]

[ 2015-08-20T21:13:19+08:00 ] ::1 /Impression/home/index/index?openid=ouRCyjhdsj8RQofIOPHc7nX9hA98
INFO: [ app_init ] --START--
INFO: Run Behavior\BuildLiteBehavior [ RunTime:0.000017s ]
INFO: [ app_init ] --END-- [ RunTime:0.000381s ]

[ 2015-08-20T21:13:35+08:00 ] ::1 /Impression/home/index/index?openid=ouRCyjhdsj8RQofIOPHc7nX9hA98
INFO: [ app_init ] --START--
INFO: Run Behavior\BuildLiteBehavior [ RunTime:0.000011s ]
INFO: [ app_init ] --END-- [ RunTime:0.000367s ]

[ 2015-08-20T21:13:51+08:00 ] ::1 /Impression/home/index/index?openid=ouRCyjhdsj8RQofIOPHc7nX9hA98
INFO: [ app_init ] --START--
INFO: Run Behavior\BuildLiteBehavior [ RunTime:0.000013s ]
INFO: [ app_init ] --END-- [ RunTime:0.000278s ]

[ 2015-08-20T21:14:34+08:00 ] ::1 /Impression/home/index/index?openid=ouRCyjhdsj8RQofIOPHc7nX9hA98
INFO: [ app_init ] --START--
INFO: Run Behavior\BuildLiteBehavior [ RunTime:0.000010s ]
INFO: [ app_init ] --END-- [ RunTime:0.000220s ]

[ 2015-08-20T21:14:43+08:00 ] ::1 /Impression/home/index/index?openid=ouRCyjhdsj8RQofIOPHc7nX9hA98
INFO: [ app_init ] --START--
INFO: Run Behavior\BuildLiteBehavior [ RunTime:0.000010s ]
INFO: [ app_init ] --END-- [ RunTime:0.000217s ]

[ 2015-08-20T21:14:54+08:00 ] ::1 /Impression/home/index/index?openid=ouRCyjhdsj8RQofIOPHc7nX9hA98
INFO: [ app_init ] --START--
INFO: Run Behavior\BuildLiteBehavior [ RunTime:0.000012s ]
INFO: [ app_init ] --END-- [ RunTime:0.000322s ]

[ 2015-08-20T21:15:04+08:00 ] ::1 /Impression/home/index/index?openid=ouRCyjhdsj8RQofIOPHc7nX9hA98
INFO: [ app_init ] --START--
INFO: Run Behavior\BuildLiteBehavior [ RunTime:0.000009s ]
INFO: [ app_init ] --END-- [ RunTime:0.000201s ]

[ 2015-08-20T21:15:11+08:00 ] ::1 /Impression/home/index/index?openid=ouRCyjhdsj8RQofIOPHc7nX9hA98
INFO: [ app_init ] --START--
INFO: Run Behavior\BuildLiteBehavior [ RunTime:0.000016s ]
INFO: [ app_init ] --END-- [ RunTime:0.000386s ]

[ 2015-08-20T21:15:27+08:00 ] ::1 /Impression/home/index/index?openid=ouRCyjhdsj8RQofIOPHc7nX9hA98
INFO: [ app_init ] --START--
INFO: Run Behavior\BuildLiteBehavior [ RunTime:0.000010s ]
INFO: [ app_init ] --END-- [ RunTime:0.000202s ]

[ 2015-08-20T21:15:54+08:00 ] ::1 /Impression/home/index/index?openid=ouRCyjhdsj8RQofIOPHc7nX9hA98
INFO: [ app_init ] --START--
INFO: Run Behavior\BuildLiteBehavior [ RunTime:0.000012s ]
INFO: [ app_init ] --END-- [ RunTime:0.000307s ]

[ 2015-08-20T21:15:55+08:00 ] ::1 /Impression/home/index/index?openid=ouRCyjhdsj8RQofIOPHc7nX9hA98
INFO: [ app_init ] --START--
INFO: Run Behavior\BuildLiteBehavior [ RunTime:0.000018s ]
INFO: [ app_init ] --END-- [ RunTime:0.000413s ]

[ 2015-08-20T21:16:08+08:00 ] ::1 /Impression/home/index/index?openid=ouRCyjhdsj8RQofIOPHc7nX9hA98
INFO: [ app_init ] --START--
INFO: Run Behavior\BuildLiteBehavior [ RunTime:0.000019s ]
INFO: [ app_init ] --END-- [ RunTime:0.000415s ]

[ 2015-08-20T21:16:09+08:00 ] ::1 /Impression/home/index/index?openid=ouRCyjhdsj8RQofIOPHc7nX9hA98
INFO: [ app_init ] --START--
INFO: Run Behavior\BuildLiteBehavior [ RunTime:0.000020s ]
INFO: [ app_init ] --END-- [ RunTime:0.000488s ]

[ 2015-08-20T21:16:14+08:00 ] ::1 /Impression/home/index/index?openid=ouRCyjhdsj8RQofIOPHc7nX9hA98
INFO: [ app_init ] --START--
INFO: Run Behavior\BuildLiteBehavior [ RunTime:0.000009s ]
INFO: [ app_init ] --END-- [ RunTime:0.000202s ]

[ 2015-08-20T21:19:32+08:00 ] ::1 /Impression/home/index/viewImpression
INFO: [ app_init ] --START--
INFO: Run Behavior\BuildLiteBehavior [ RunTime:0.000012s ]
INFO: [ app_init ] --END-- [ RunTime:0.000292s ]

[ 2015-08-20T21:22:03+08:00 ] ::1 /Impression/home/index/
INFO: [ app_init ] --START--
INFO: Run Behavior\BuildLiteBehavior [ RunTime:0.000018s ]
INFO: [ app_init ] --END-- [ RunTime:0.000405s ]

[ 2015-08-20T21:22:32+08:00 ] ::1 /Impression/home/index/index?openid=ouRCyjhdsj8RQofIOPHc7nX9hA98
INFO: [ app_init ] --START--
INFO: Run Behavior\BuildLiteBehavior [ RunTime:0.000015s ]
INFO: [ app_init ] --END-- [ RunTime:0.000406s ]

[ 2015-08-20T21:23:06+08:00 ] ::1 /Impression/home/index/index
INFO: [ app_init ] --START--
INFO: Run Behavior\BuildLiteBehavior [ RunTime:0.000009s ]
INFO: [ app_init ] --END-- [ RunTime:0.000192s ]

[ 2015-08-20T21:23:58+08:00 ] ::1 /Impression/home/index/index
INFO: [ app_init ] --START--
INFO: Run Behavior\BuildLiteBehavior [ RunTime:0.000009s ]
INFO: [ app_init ] --END-- [ RunTime:0.000198s ]

[ 2015-08-20T21:26:22+08:00 ] ::1 /Impression/home/index/index?openid=ouRCyjhdsj8RQofIOPHc7nX9hA98
INFO: [ app_init ] --START--
INFO: Run Behavior\BuildLiteBehavior [ RunTime:0.000123s ]
INFO: [ app_init ] --END-- [ RunTime:0.000347s ]

[ 2015-08-20T21:26:31+08:00 ] ::1 /Impression/home/index/index?openid=ouRCyjhdsj8RQofIOPHc7nX9hA98
INFO: [ app_init ] --START--
INFO: Run Behavior\BuildLiteBehavior [ RunTime:0.000009s ]
INFO: [ app_init ] --END-- [ RunTime:0.000216s ]

[ 2015-08-20T21:26:49+08:00 ] ::1 /Impression/home/index/index?openid=ouRCyjhdsj8RQofIOPHc7nX9hA98
INFO: [ app_init ] --START--
INFO: Run Behavior\BuildLiteBehavior [ RunTime:0.000012s ]
INFO: [ app_init ] --END-- [ RunTime:0.000310s ]

[ 2015-08-20T21:27:29+08:00 ] ::1 /Impression/home/index/viewImpression
INFO: [ app_init ] --START--
INFO: Run Behavior\BuildLiteBehavior [ RunTime:0.000011s ]
INFO: [ app_init ] --END-- [ RunTime:0.000218s ]

[ 2015-08-20T21:27:31+08:00 ] ::1 /Impression/home/index/
INFO: [ app_init ] --START--
INFO: Run Behavior\BuildLiteBehavior [ RunTime:0.000013s ]
INFO: [ app_init ] --END-- [ RunTime:0.000275s ]

[ 2015-08-20T21:29:33+08:00 ] ::1 /Impression/home/index/
INFO: [ app_init ] --START--
INFO: Run Behavior\BuildLiteBehavior [ RunTime:0.000009s ]
INFO: [ app_init ] --END-- [ RunTime:0.000352s ]

[ 2015-08-20T21:30:01+08:00 ] ::1 /Impression/home/index/
INFO: [ app_init ] --START--
INFO: Run Behavior\BuildLiteBehavior [ RunTime:0.000010s ]
INFO: [ app_init ] --END-- [ RunTime:0.000202s ]

[ 2015-08-20T21:30:20+08:00 ] ::1 /Impression/home/index/
INFO: [ app_init ] --START--
INFO: Run Behavior\BuildLiteBehavior [ RunTime:0.000009s ]
INFO: [ app_init ] --END-- [ RunTime:0.000202s ]
ERR: SQLSTATE[23000]: Integrity constraint violation: 1048 Column 'openid' cannot be null

[ 2015-08-20T21:31:05+08:00 ] ::1 /Impression/home/index/
INFO: [ app_init ] --START--
INFO: Run Behavior\BuildLiteBehavior [ RunTime:0.000012s ]
INFO: [ app_init ] --END-- [ RunTime:0.000282s ]

[ 2015-08-20T21:35:02+08:00 ] ::1 /Impression/home/index/
INFO: [ app_init ] --START--
INFO: Run Behavior\BuildLiteBehavior [ RunTime:0.000012s ]
INFO: [ app_init ] --END-- [ RunTime:0.000251s ]

[ 2015-08-20T21:36:58+08:00 ] ::1 /Impression/home/index/
INFO: [ app_init ] --START--
INFO: Run Behavior\BuildLiteBehavior [ RunTime:0.000010s ]
INFO: [ app_init ] --END-- [ RunTime:0.000200s ]

[ 2015-08-20T21:37:12+08:00 ] ::1 /Impression/home/index/
INFO: [ app_init ] --START--
INFO: Run Behavior\BuildLiteBehavior [ RunTime:0.000014s ]
INFO: [ app_init ] --END-- [ RunTime:0.000432s ]

[ 2015-08-20T22:09:39+08:00 ] ::1 /Impression/Home/View/Index/personal.html
INFO: [ app_init ] --START--
INFO: Run Behavior\BuildLiteBehavior [ RunTime:0.000038s ]
INFO: [ app_init ] --END-- [ RunTime:0.000945s ]
ERR: 无法加载控制器:View

[ 2015-08-20T22:09:49+08:00 ] ::1 /Impression/Home/Index/personal.html
INFO: [ app_init ] --START--
INFO: Run Behavior\BuildLiteBehavior [ RunTime:0.000042s ]
INFO: [ app_init ] --END-- [ RunTime:0.000992s ]

[ 2015-08-20T22:09:56+08:00 ] ::1 /Impression/Home/Index/personal.html
INFO: [ app_init ] --START--
INFO: Run Behavior\BuildLiteBehavior [ RunTime:0.000016s ]
INFO: [ app_init ] --END-- [ RunTime:0.000399s ]

[ 2015-08-20T22:10:49+08:00 ] ::1 /Impression/Home/Index/personal.html
INFO: [ app_init ] --START--
INFO: Run Behavior\BuildLiteBehavior [ RunTime:0.000042s ]
INFO: [ app_init ] --END-- [ RunTime:0.000706s ]

[ 2015-08-20T22:10:49+08:00 ] ::1 /Impression/Home/Index/dist/assets/images/logo.png
INFO: [ app_init ] --START--
INFO: Run Behavior\BuildLiteBehavior [ RunTime:0.000028s ]
INFO: [ app_init ] --END-- [ RunTime:0.000674s ]

[ 2015-08-20T22:11:02+08:00 ] ::1 /Impression/Home/Index/personal.html
INFO: [ app_init ] --START--
INFO: Run Behavior\BuildLiteBehavior [ RunTime:0.000013s ]
INFO: [ app_init ] --END-- [ RunTime:0.000397s ]

[ 2015-08-20T22:11:02+08:00 ] ::1 /Impression/Home/Index/dist/assets/images/logo.png
INFO: [ app_init ] --START--
INFO: Run Behavior\BuildLiteBehavior [ RunTime:0.000027s ]
INFO: [ app_init ] --END-- [ RunTime:0.000558s ]

